Started GET "/" for 127.0.0.1 at 2018-03-23 19:21:05 -0300
Processing by PagesController#home as HTML
  Rendering pages/home.html.erb within layouts/application
  Rendered pages/home.html.erb within layouts/application (249.5ms)
Completed 500 Internal Server Error in 460ms


  
ActionView::Template::Error (undefined local variable or method `articles_path' for #<#<Class:0x007fd05a684200>:0x007fd05a664b58>
Did you mean?  asset_path):
    3: <br>
    4: <br>
    5:  
    6: <%= link_to "Alpha Blog", articles_path %> | <%= link_to 'About', about_path %>
  
app/views/pages/home.html.erb:6:in `_app_views_pages_home_html_erb__4016643959706677559_70266449313940'
Started GET "/" for 127.0.0.1 at 2018-03-23 19:22:40 -0300
Processing by PagesController#home as HTML
  Rendering pages/home.html.erb within layouts/application
  Rendered pages/home.html.erb within layouts/application (0.9ms)
  Rendered layouts/_messages.html.erb (0.8ms)
Completed 200 OK in 327ms (Views: 323.1ms)


Started GET "/articles" for 127.0.0.1 at 2018-03-23 19:22:41 -0300
Processing by ArticlesController#index as HTML
  Rendering articles/index.html.erb within layouts/application
  [1m[36mArticle Load (0.4ms)[0m  [1m[34mSELECT "articles".* FROM "articles"[0m
  Rendered articles/index.html.erb within layouts/application (7.0ms)
Completed 500 Internal Server Error in 66ms (ActiveRecord: 0.6ms)


  
ActionView::Template::Error (SQLite3::SQLException: no such table: articles: SELECT "articles".* FROM "articles"):
    10:         <th>Description</th>
    11:     </tr>
    12: 
    13:     <% @articles.each do |article| %>
    14:         <tr> 
    15:             <td> <%= article.title  %> </td>
    16:             <td> <%= article.description  %> </td>
  
app/views/articles/index.html.erb:13:in `_app_views_articles_index_html_erb___446159899090815634_70266468608220'
  [1m[35m (0.1ms)[0m  [1m[34mSELECT sqlite_version(*)[0m
  [1m[35m (1.6ms)[0m  [1m[35mCREATE TABLE "schema_migrations" ("version" varchar NOT NULL PRIMARY KEY)[0m
  [1m[35m (1.2ms)[0m  [1m[35mCREATE TABLE "ar_internal_metadata" ("key" varchar NOT NULL PRIMARY KEY, "value" varchar, "created_at" datetime NOT NULL, "updated_at" datetime NOT NULL)[0m
  [1m[36mActiveRecord::InternalMetadata Load (0.2ms)[0m  [1m[34mSELECT  "ar_internal_metadata".* FROM "ar_internal_metadata" WHERE "ar_internal_metadata"."key" = ? LIMIT ?[0m  [["key", "environment"], ["LIMIT", 1]]
  [1m[35m (0.1ms)[0m  [1m[36mbegin transaction[0m
  [1m[35mSQL (0.4ms)[0m  [1m[32mINSERT INTO "ar_internal_metadata" ("key", "value", "created_at", "updated_at") VALUES (?, ?, ?, ?)[0m  [["key", "environment"], ["value", "development"], ["created_at", "2018-03-23 22:23:23.156044"], ["updated_at", "2018-03-23 22:23:23.156044"]]
  [1m[35m (0.9ms)[0m  [1m[36mcommit transaction[0m
  [1m[35m (0.1ms)[0m  [1m[34mSELECT "schema_migrations"."version" FROM "schema_migrations" ORDER BY "schema_migrations"."version" ASC[0m
Started GET "/articles" for 127.0.0.1 at 2018-03-23 19:23:27 -0300
Processing by ArticlesController#index as HTML
  Rendering articles/index.html.erb within layouts/application
  [1m[36mArticle Load (0.7ms)[0m  [1m[34mSELECT "articles".* FROM "articles"[0m
  Rendered articles/index.html.erb within layouts/application (13.3ms)
Completed 500 Internal Server Error in 30ms (ActiveRecord: 0.9ms)


  
ActionView::Template::Error (SQLite3::SQLException: no such table: articles: SELECT "articles".* FROM "articles"):
    10:         <th>Description</th>
    11:     </tr>
    12: 
    13:     <% @articles.each do |article| %>
    14:         <tr> 
    15:             <td> <%= article.title  %> </td>
    16:             <td> <%= article.description  %> </td>
  
app/views/articles/index.html.erb:13:in `_app_views_articles_index_html_erb___446159899090815634_70266424516360'
  [1m[36mActiveRecord::InternalMetadata Load (0.2ms)[0m  [1m[34mSELECT  "ar_internal_metadata".* FROM "ar_internal_metadata" WHERE "ar_internal_metadata"."key" = ? LIMIT ?[0m  [["key", "environment"], ["LIMIT", 1]]
  [1m[35m (0.1ms)[0m  [1m[36mbegin transaction[0m
  [1m[35m (0.0ms)[0m  [1m[36mcommit transaction[0m
  [1m[35m (0.1ms)[0m  [1m[34mSELECT "schema_migrations"."version" FROM "schema_migrations" ORDER BY "schema_migrations"."version" ASC[0m
  [1m[35m (0.1ms)[0m  [1m[34mSELECT "schema_migrations"."version" FROM "schema_migrations" ORDER BY "schema_migrations"."version" ASC[0m
Migrating to CreateArticles (20180323010703)
  [1m[35m (0.4ms)[0m  [1m[36mbegin transaction[0m
  [1m[35m (0.1ms)[0m  [1m[34mSELECT sqlite_version(*)[0m
  [1m[35m (0.7ms)[0m  [1m[35mCREATE TABLE "articles" ("id" INTEGER PRIMARY KEY AUTOINCREMENT NOT NULL, "title" varchar, "description" text)[0m
  [1m[35mSQL (0.2ms)[0m  [1m[32mINSERT INTO "schema_migrations" ("version") VALUES (?)[0m  [["version", "20180323010703"]]
  [1m[35m (1.2ms)[0m  [1m[36mcommit transaction[0m
Migrating to AddDescriptionToArticles (20180323011827)
  [1m[35m (0.1ms)[0m  [1m[36mbegin transaction[0m
  [1m[35m (0.7ms)[0m  [1m[35mALTER TABLE "articles" ADD "created_at" datetime[0m
  [1m[35m (0.2ms)[0m  [1m[35mALTER TABLE "articles" ADD "updated_at" datetime[0m
  [1m[35mSQL (0.2ms)[0m  [1m[32mINSERT INTO "schema_migrations" ("version") VALUES (?)[0m  [["version", "20180323011827"]]
  [1m[35m (0.9ms)[0m  [1m[36mcommit transaction[0m
  [1m[36mActiveRecord::InternalMetadata Load (0.3ms)[0m  [1m[34mSELECT  "ar_internal_metadata".* FROM "ar_internal_metadata" WHERE "ar_internal_metadata"."key" = ? LIMIT ?[0m  [["key", "environment"], ["LIMIT", 1]]
  [1m[35m (0.6ms)[0m  [1m[36mbegin transaction[0m
  [1m[35m (0.0ms)[0m  [1m[36mcommit transaction[0m
  [1m[35m (0.1ms)[0m  [1m[34mSELECT "schema_migrations"."version" FROM "schema_migrations" ORDER BY "schema_migrations"."version" ASC[0m
Started GET "/articles" for 127.0.0.1 at 2018-03-23 19:28:11 -0300
  [1m[35m (0.4ms)[0m  [1m[34mSELECT "schema_migrations"."version" FROM "schema_migrations" ORDER BY "schema_migrations"."version" ASC[0m
Processing by ArticlesController#index as HTML
  Rendering articles/index.html.erb within layouts/application
  [1m[36mArticle Load (0.3ms)[0m  [1m[34mSELECT "articles".* FROM "articles"[0m
  Rendered articles/index.html.erb within layouts/application (2.7ms)
  Rendered layouts/_messages.html.erb (0.5ms)
Completed 200 OK in 36ms (Views: 25.4ms | ActiveRecord: 0.5ms)


Started GET "/articles/new" for 127.0.0.1 at 2018-03-23 19:28:12 -0300
Processing by ArticlesController#new as HTML
  Rendering articles/new.html.erb within layouts/application
  Rendered articles/_form.html.erb (13.1ms)
  Rendered articles/new.html.erb within layouts/application (16.1ms)
  Rendered layouts/_messages.html.erb (0.5ms)
Completed 200 OK in 59ms (Views: 42.7ms | ActiveRecord: 0.5ms)


Started POST "/articles" for 127.0.0.1 at 2018-03-23 19:28:16 -0300
Processing by ArticlesController#create as HTML
  Parameters: {"utf8"=>"✓", "authenticity_token"=>"EM9TzVKxbeT7PzZ1NBgTeNvu98xRWWbjlWMy/hgefwtmfcwpmg1yN8C6OhR3i0jIClN9HPSAOtSyNyhKaLOPOQ==", "article"=>{"title"=>"asfdsds", "description"=>"fdfdsfsdfdsfdf"}, "commit"=>"Create Article"}
  [1m[35m (0.2ms)[0m  [1m[36mbegin transaction[0m
  [1m[35mSQL (0.6ms)[0m  [1m[32mINSERT INTO "articles" ("title", "description", "created_at", "updated_at") VALUES (?, ?, ?, ?)[0m  [["title", "asfdsds"], ["description", "fdfdsfsdfdsfdf"], ["created_at", "2018-03-23 22:28:16.422362"], ["updated_at", "2018-03-23 22:28:16.422362"]]
  [1m[35m (4.8ms)[0m  [1m[36mcommit transaction[0m
Redirected to http://localhost:3000/articles/1
Completed 302 Found in 11ms (ActiveRecord: 5.5ms)


Started GET "/articles/1" for 127.0.0.1 at 2018-03-23 19:28:16 -0300
Processing by ArticlesController#show as HTML
  Parameters: {"id"=>"1"}
  [1m[36mArticle Load (0.3ms)[0m  [1m[34mSELECT  "articles".* FROM "articles" WHERE "articles"."id" = ? LIMIT ?[0m  [["id", 1], ["LIMIT", 1]]
  Rendering articles/show.html.erb within layouts/application
  Rendered articles/show.html.erb within layouts/application (1.1ms)
  Rendered layouts/_messages.html.erb (0.5ms)
Completed 200 OK in 31ms (Views: 22.6ms | ActiveRecord: 0.3ms)


Started GET "/articles" for 127.0.0.1 at 2018-03-23 19:28:17 -0300
Processing by ArticlesController#index as HTML
  Rendering articles/index.html.erb within layouts/application
  [1m[36mArticle Load (0.4ms)[0m  [1m[34mSELECT "articles".* FROM "articles"[0m
  Rendered articles/index.html.erb within layouts/application (3.0ms)
  Rendered layouts/_messages.html.erb (0.6ms)
Completed 200 OK in 42ms (Views: 32.8ms | ActiveRecord: 0.4ms)


Started GET "/articles/1/edit" for 127.0.0.1 at 2018-03-23 19:28:18 -0300
Processing by ArticlesController#edit as HTML
  Parameters: {"id"=>"1"}
  [1m[36mArticle Load (0.2ms)[0m  [1m[34mSELECT  "articles".* FROM "articles" WHERE "articles"."id" = ? LIMIT ?[0m  [["id", 1], ["LIMIT", 1]]
  Rendering articles/edit.html.erb within layouts/application
  Rendered articles/_form.html.erb (2.6ms)
  Rendered articles/edit.html.erb within layouts/application (6.7ms)
  Rendered layouts/_messages.html.erb (0.6ms)
Completed 200 OK in 45ms (Views: 37.7ms | ActiveRecord: 0.2ms)


Started PATCH "/articles/1" for 127.0.0.1 at 2018-03-23 19:28:20 -0300
Processing by ArticlesController#update as HTML
  Parameters: {"utf8"=>"✓", "authenticity_token"=>"Rfc0UVWGgnzc/9b3K/8izNr1Wp3VP251Fx83iPuy+ayVci6Am5PlK5VePCjuYKlLQ9zg7dblkg+fbaq3XpA4jA==", "article"=>{"title"=>"asfdsds", "description"=>"fdfdsfsdfdsfdf22"}, "commit"=>"Update Article", "id"=>"1"}
  [1m[36mArticle Load (0.2ms)[0m  [1m[34mSELECT  "articles".* FROM "articles" WHERE "articles"."id" = ? LIMIT ?[0m  [["id", 1], ["LIMIT", 1]]
  [1m[35m (0.1ms)[0m  [1m[36mbegin transaction[0m
  [1m[35mSQL (0.5ms)[0m  [1m[33mUPDATE "articles" SET "description" = ?, "updated_at" = ? WHERE "articles"."id" = ?[0m  [["description", "fdfdsfsdfdsfdf22"], ["updated_at", "2018-03-23 22:28:20.782596"], ["id", 1]]
  [1m[35m (7.4ms)[0m  [1m[36mcommit transaction[0m
Redirected to http://localhost:3000/articles/1
Completed 302 Found in 15ms (ActiveRecord: 8.2ms)


Started GET "/articles/1" for 127.0.0.1 at 2018-03-23 19:28:20 -0300
Processing by ArticlesController#show as HTML
  Parameters: {"id"=>"1"}
  [1m[36mArticle Load (0.2ms)[0m  [1m[34mSELECT  "articles".* FROM "articles" WHERE "articles"."id" = ? LIMIT ?[0m  [["id", 1], ["LIMIT", 1]]
  Rendering articles/show.html.erb within layouts/application
  Rendered articles/show.html.erb within layouts/application (1.2ms)
  Rendered layouts/_messages.html.erb (0.5ms)
Completed 200 OK in 28ms (Views: 23.5ms | ActiveRecord: 0.2ms)


Started GET "/articles" for 127.0.0.1 at 2018-03-23 19:28:22 -0300
Processing by ArticlesController#index as HTML
  Rendering articles/index.html.erb within layouts/application
  [1m[36mArticle Load (0.3ms)[0m  [1m[34mSELECT "articles".* FROM "articles"[0m
  Rendered articles/index.html.erb within layouts/application (2.3ms)
  Rendered layouts/_messages.html.erb (0.4ms)
Completed 200 OK in 46ms (Views: 39.6ms | ActiveRecord: 0.2ms)


Started DELETE "/articles/1" for 127.0.0.1 at 2018-03-23 19:28:24 -0300
Processing by ArticlesController#destroy as HTML
  Parameters: {"authenticity_token"=>"LaAJE8NB6ZC6K/+ELkyaOHaGG9kTqjgDew8R3X38oHDS2ehPu1QkfE9zrSiKDB6QWBJjWFEt4cDQQLHGg1wv7Q==", "id"=>"1"}
  [1m[36mArticle Load (0.2ms)[0m  [1m[34mSELECT  "articles".* FROM "articles" WHERE "articles"."id" = ? LIMIT ?[0m  [["id", 1], ["LIMIT", 1]]
  [1m[35m (0.2ms)[0m  [1m[36mbegin transaction[0m
  [1m[35mSQL (0.5ms)[0m  [1m[31mDELETE FROM "articles" WHERE "articles"."id" = ?[0m  [["id", 1]]
  [1m[35m (6.7ms)[0m  [1m[36mcommit transaction[0m
Redirected to http://localhost:3000/articles
Completed 302 Found in 12ms (ActiveRecord: 7.7ms)


Started GET "/articles" for 127.0.0.1 at 2018-03-23 19:28:24 -0300
Processing by ArticlesController#index as HTML
  Rendering articles/index.html.erb within layouts/application
  [1m[36mArticle Load (0.3ms)[0m  [1m[34mSELECT "articles".* FROM "articles"[0m
  Rendered articles/index.html.erb within layouts/application (1.6ms)
  Rendered layouts/_messages.html.erb (0.5ms)
Completed 200 OK in 32ms (Views: 26.7ms | ActiveRecord: 0.3ms)


Started GET "/articles/new" for 127.0.0.1 at 2018-03-23 19:28:25 -0300
Processing by ArticlesController#new as HTML
  Rendering articles/new.html.erb within layouts/application
  Rendered articles/_form.html.erb (2.2ms)
  Rendered articles/new.html.erb within layouts/application (6.7ms)
  Rendered layouts/_messages.html.erb (0.4ms)
Completed 200 OK in 45ms (Views: 40.9ms | ActiveRecord: 0.0ms)


Started POST "/articles" for 127.0.0.1 at 2018-03-23 19:28:27 -0300
Processing by ArticlesController#create as HTML
  Parameters: {"utf8"=>"✓", "authenticity_token"=>"UKEApVqHG7qYcwhr3CGn9ZqitHjU3U55KaPqq7zPOlgmE59BkjsEaaP2BAqfsvxFSx8+qHEEEk4O9/AfzGLKag==", "article"=>{"title"=>"fdfdsf", "description"=>"sfsdfdsfds"}, "commit"=>"Create Article"}
  [1m[35m (0.1ms)[0m  [1m[36mbegin transaction[0m
  [1m[35mSQL (1.2ms)[0m  [1m[32mINSERT INTO "articles" ("title", "description", "created_at", "updated_at") VALUES (?, ?, ?, ?)[0m  [["title", "fdfdsf"], ["description", "sfsdfdsfds"], ["created_at", "2018-03-23 22:28:27.596043"], ["updated_at", "2018-03-23 22:28:27.596043"]]
  [1m[35m (6.1ms)[0m  [1m[36mcommit transaction[0m
Redirected to http://localhost:3000/articles/2
Completed 302 Found in 11ms (ActiveRecord: 7.4ms)


Started GET "/articles/2" for 127.0.0.1 at 2018-03-23 19:28:27 -0300
Processing by ArticlesController#show as HTML
  Parameters: {"id"=>"2"}
  [1m[36mArticle Load (0.2ms)[0m  [1m[34mSELECT  "articles".* FROM "articles" WHERE "articles"."id" = ? LIMIT ?[0m  [["id", 2], ["LIMIT", 1]]
  Rendering articles/show.html.erb within layouts/application
  Rendered articles/show.html.erb within layouts/application (0.8ms)
  Rendered layouts/_messages.html.erb (0.5ms)
Completed 200 OK in 27ms (Views: 22.0ms | ActiveRecord: 0.2ms)


Started GET "/articles" for 127.0.0.1 at 2018-03-23 19:28:29 -0300
Processing by ArticlesController#index as HTML
  Rendering articles/index.html.erb within layouts/application
  [1m[36mArticle Load (0.3ms)[0m  [1m[34mSELECT "articles".* FROM "articles"[0m
  Rendered articles/index.html.erb within layouts/application (2.4ms)
  Rendered layouts/_messages.html.erb (0.5ms)
Completed 200 OK in 40ms (Views: 35.0ms | ActiveRecord: 0.3ms)


Started GET "/articles/new" for 127.0.0.1 at 2018-03-23 19:28:30 -0300
Processing by ArticlesController#new as HTML
  Rendering articles/new.html.erb within layouts/application
  Rendered articles/_form.html.erb (2.1ms)
  Rendered articles/new.html.erb within layouts/application (7.3ms)
  Rendered layouts/_messages.html.erb (0.6ms)
Completed 200 OK in 44ms (Views: 37.9ms | ActiveRecord: 0.0ms)


Started POST "/articles" for 127.0.0.1 at 2018-03-23 19:28:33 -0300
Processing by ArticlesController#create as HTML
  Parameters: {"utf8"=>"✓", "authenticity_token"=>"Ia3ritVAPgnBuXs91OkfI2+cskWimmnIjYZWn7kTMZdXH3RuHfwh2vo8d1yXekSTviE4lQdDNf+q0kwryb7BpQ==", "article"=>{"title"=>"d233", "description"=>"fdsfsdfsdf232323"}, "commit"=>"Create Article"}
  [1m[35m (0.1ms)[0m  [1m[36mbegin transaction[0m
  [1m[35mSQL (0.6ms)[0m  [1m[32mINSERT INTO "articles" ("title", "description", "created_at", "updated_at") VALUES (?, ?, ?, ?)[0m  [["title", "d233"], ["description", "fdsfsdfsdf232323"], ["created_at", "2018-03-23 22:28:33.347340"], ["updated_at", "2018-03-23 22:28:33.347340"]]
  [1m[35m (6.5ms)[0m  [1m[36mcommit transaction[0m
Redirected to http://localhost:3000/articles/3
Completed 302 Found in 11ms (ActiveRecord: 7.2ms)


Started GET "/articles/3" for 127.0.0.1 at 2018-03-23 19:28:33 -0300
Processing by ArticlesController#show as HTML
  Parameters: {"id"=>"3"}
  [1m[36mArticle Load (0.3ms)[0m  [1m[34mSELECT  "articles".* FROM "articles" WHERE "articles"."id" = ? LIMIT ?[0m  [["id", 3], ["LIMIT", 1]]
  Rendering articles/show.html.erb within layouts/application
  Rendered articles/show.html.erb within layouts/application (0.9ms)
  Rendered layouts/_messages.html.erb (0.5ms)
Completed 200 OK in 28ms (Views: 22.7ms | ActiveRecord: 0.3ms)


Started GET "/articles" for 127.0.0.1 at 2018-03-23 19:28:34 -0300
Processing by ArticlesController#index as HTML
  Rendering articles/index.html.erb within layouts/application
  [1m[36mArticle Load (0.4ms)[0m  [1m[34mSELECT "articles".* FROM "articles"[0m
  Rendered articles/index.html.erb within layouts/application (3.3ms)
  Rendered layouts/_messages.html.erb (0.7ms)
Completed 200 OK in 49ms (Views: 44.2ms | ActiveRecord: 0.4ms)


Started GET "/articles/new" for 127.0.0.1 at 2018-03-23 19:28:35 -0300
Processing by ArticlesController#new as HTML
  Rendering articles/new.html.erb within layouts/application
  Rendered articles/_form.html.erb (3.4ms)
  Rendered articles/new.html.erb within layouts/application (8.0ms)
  Rendered layouts/_messages.html.erb (0.5ms)
Completed 200 OK in 42ms (Views: 37.9ms | ActiveRecord: 0.0ms)


Started POST "/articles" for 127.0.0.1 at 2018-03-23 19:28:39 -0300
Processing by ArticlesController#create as HTML
  Parameters: {"utf8"=>"✓", "authenticity_token"=>"xYYf7JH3zkS9ju4j0nbI+arrvr+zcDhysuctPyI2R5KzNIAIWUvRl4YL4kKR5ZNJe1Y0bxapZEWVszeLUpu3oA==", "article"=>{"title"=>"23333232332", "description"=>"3232232323232323"}, "commit"=>"Create Article"}
  [1m[35m (0.1ms)[0m  [1m[36mbegin transaction[0m
  [1m[35mSQL (0.7ms)[0m  [1m[32mINSERT INTO "articles" ("title", "description", "created_at", "updated_at") VALUES (?, ?, ?, ?)[0m  [["title", "23333232332"], ["description", "3232232323232323"], ["created_at", "2018-03-23 22:28:39.828515"], ["updated_at", "2018-03-23 22:28:39.828515"]]
  [1m[35m (2.0ms)[0m  [1m[36mcommit transaction[0m
Redirected to http://localhost:3000/articles/4
Completed 302 Found in 7ms (ActiveRecord: 2.7ms)


Started GET "/articles/4" for 127.0.0.1 at 2018-03-23 19:28:39 -0300
Processing by ArticlesController#show as HTML
  Parameters: {"id"=>"4"}
  [1m[36mArticle Load (0.2ms)[0m  [1m[34mSELECT  "articles".* FROM "articles" WHERE "articles"."id" = ? LIMIT ?[0m  [["id", 4], ["LIMIT", 1]]
  Rendering articles/show.html.erb within layouts/application
  Rendered articles/show.html.erb within layouts/application (0.8ms)
  Rendered layouts/_messages.html.erb (0.5ms)
Completed 200 OK in 31ms (Views: 26.1ms | ActiveRecord: 0.2ms)


Started GET "/articles" for 127.0.0.1 at 2018-03-23 19:28:40 -0300
Processing by ArticlesController#index as HTML
  Rendering articles/index.html.erb within layouts/application
  [1m[36mArticle Load (0.4ms)[0m  [1m[34mSELECT "articles".* FROM "articles"[0m
  Rendered articles/index.html.erb within layouts/application (3.3ms)
  Rendered layouts/_messages.html.erb (0.5ms)
Completed 200 OK in 42ms (Views: 37.3ms | ActiveRecord: 0.4ms)


Started GET "/articles/new" for 127.0.0.1 at 2018-03-23 19:28:42 -0300
Processing by ArticlesController#new as HTML
  Rendering articles/new.html.erb within layouts/application
  Rendered articles/_form.html.erb (3.3ms)
  Rendered articles/new.html.erb within layouts/application (8.7ms)
  Rendered layouts/_messages.html.erb (0.7ms)
Completed 200 OK in 48ms (Views: 44.1ms | ActiveRecord: 0.0ms)


Started POST "/articles" for 127.0.0.1 at 2018-03-23 19:28:44 -0300
Processing by ArticlesController#create as HTML
  Parameters: {"utf8"=>"✓", "authenticity_token"=>"ba5h4J36gWUREP1313A64iEPnLilytCstWTA0gF4+RcbHP4EVUaetiqV8RaU42FS8LIWaAATjJuSMNpmcdUJJQ==", "article"=>{"title"=>"dsfsfsdfsf", "description"=>"2342342342342432"}, "commit"=>"Create Article"}
  [1m[35m (0.1ms)[0m  [1m[36mbegin transaction[0m
  [1m[35mSQL (0.7ms)[0m  [1m[32mINSERT INTO "articles" ("title", "description", "created_at", "updated_at") VALUES (?, ?, ?, ?)[0m  [["title", "dsfsfsdfsf"], ["description", "2342342342342432"], ["created_at", "2018-03-23 22:28:44.948110"], ["updated_at", "2018-03-23 22:28:44.948110"]]
  [1m[35m (1.1ms)[0m  [1m[36mcommit transaction[0m
Redirected to http://localhost:3000/articles/5
Completed 302 Found in 6ms (ActiveRecord: 1.8ms)


Started GET "/articles/5" for 127.0.0.1 at 2018-03-23 19:28:44 -0300
Processing by ArticlesController#show as HTML
  Parameters: {"id"=>"5"}
  [1m[36mArticle Load (0.2ms)[0m  [1m[34mSELECT  "articles".* FROM "articles" WHERE "articles"."id" = ? LIMIT ?[0m  [["id", 5], ["LIMIT", 1]]
  Rendering articles/show.html.erb within layouts/application
  Rendered articles/show.html.erb within layouts/application (0.7ms)
  Rendered layouts/_messages.html.erb (0.4ms)
Completed 200 OK in 35ms (Views: 29.7ms | ActiveRecord: 0.2ms)


Started GET "/articles" for 127.0.0.1 at 2018-03-23 19:28:45 -0300
Processing by ArticlesController#index as HTML
  Rendering articles/index.html.erb within layouts/application
  [1m[36mArticle Load (0.3ms)[0m  [1m[34mSELECT "articles".* FROM "articles"[0m
  Rendered articles/index.html.erb within layouts/application (3.8ms)
  Rendered layouts/_messages.html.erb (0.8ms)
Completed 200 OK in 41ms (Views: 36.3ms | ActiveRecord: 0.3ms)


Started GET "/articles/new" for 127.0.0.1 at 2018-03-23 19:28:46 -0300
Processing by ArticlesController#new as HTML
  Rendering articles/new.html.erb within layouts/application
  Rendered articles/_form.html.erb (4.1ms)
  Rendered articles/new.html.erb within layouts/application (9.1ms)
  Rendered layouts/_messages.html.erb (0.7ms)
Completed 200 OK in 46ms (Views: 42.5ms | ActiveRecord: 0.0ms)


Started POST "/articles" for 127.0.0.1 at 2018-03-23 19:28:49 -0300
Processing by ArticlesController#create as HTML
  Parameters: {"utf8"=>"✓", "authenticity_token"=>"CTajKliLfRhrv1fjeFTtDXK0VJLAtYAlww5ewSTFMTV/hDzOkDdiy1A6W4I7x7a9owneQmVs3BLkWkR1VGjBBw==", "article"=>{"title"=>"22223", "description"=>"dffdsfsdfsfsdfsfds"}, "commit"=>"Create Article"}
  [1m[35m (0.1ms)[0m  [1m[36mbegin transaction[0m
  [1m[35mSQL (0.4ms)[0m  [1m[32mINSERT INTO "articles" ("title", "description", "created_at", "updated_at") VALUES (?, ?, ?, ?)[0m  [["title", "22223"], ["description", "dffdsfsdfsfsdfsfds"], ["created_at", "2018-03-23 22:28:49.977386"], ["updated_at", "2018-03-23 22:28:49.977386"]]
  [1m[35m (189.0ms)[0m  [1m[36mcommit transaction[0m
Redirected to http://localhost:3000/articles/6
Completed 302 Found in 197ms (ActiveRecord: 189.5ms)


Started GET "/articles/6" for 127.0.0.1 at 2018-03-23 19:28:50 -0300
Processing by ArticlesController#show as HTML
  Parameters: {"id"=>"6"}
  [1m[36mArticle Load (0.2ms)[0m  [1m[34mSELECT  "articles".* FROM "articles" WHERE "articles"."id" = ? LIMIT ?[0m  [["id", 6], ["LIMIT", 1]]
  Rendering articles/show.html.erb within layouts/application
  Rendered articles/show.html.erb within layouts/application (0.7ms)
  Rendered layouts/_messages.html.erb (0.5ms)
Completed 200 OK in 33ms (Views: 27.6ms | ActiveRecord: 0.2ms)


Started GET "/articles" for 127.0.0.1 at 2018-03-23 19:28:50 -0300
Processing by ArticlesController#index as HTML
  Rendering articles/index.html.erb within layouts/application
  [1m[36mArticle Load (0.3ms)[0m  [1m[34mSELECT "articles".* FROM "articles"[0m
  Rendered articles/index.html.erb within layouts/application (4.9ms)
  Rendered layouts/_messages.html.erb (0.5ms)
Completed 200 OK in 44ms (Views: 39.9ms | ActiveRecord: 0.3ms)


Started GET "/articles/new" for 127.0.0.1 at 2018-03-23 19:28:51 -0300
Processing by ArticlesController#new as HTML
  Rendering articles/new.html.erb within layouts/application
  Rendered articles/_form.html.erb (2.6ms)
  Rendered articles/new.html.erb within layouts/application (6.6ms)
  Rendered layouts/_messages.html.erb (0.7ms)
Completed 200 OK in 42ms (Views: 34.9ms | ActiveRecord: 0.0ms)


Started POST "/articles" for 127.0.0.1 at 2018-03-23 19:28:54 -0300
Processing by ArticlesController#create as HTML
  Parameters: {"utf8"=>"✓", "authenticity_token"=>"IDaxZ0SrXgpqBzNnuRck6hcHlsimYuXUgtiNv5GU+jFWhC6DjBdB2VGCPwb6hH9axrocGAO7ueOljJcL4TkKAw==", "article"=>{"title"=>"23232323", "description"=>"322323232332"}, "commit"=>"Create Article"}
  [1m[35m (0.1ms)[0m  [1m[36mbegin transaction[0m
  [1m[35mSQL (0.6ms)[0m  [1m[32mINSERT INTO "articles" ("title", "description", "created_at", "updated_at") VALUES (?, ?, ?, ?)[0m  [["title", "23232323"], ["description", "322323232332"], ["created_at", "2018-03-23 22:28:54.186986"], ["updated_at", "2018-03-23 22:28:54.186986"]]
  [1m[35m (6.2ms)[0m  [1m[36mcommit transaction[0m
Redirected to http://localhost:3000/articles/7
Completed 302 Found in 11ms (ActiveRecord: 6.9ms)


Started GET "/articles/7" for 127.0.0.1 at 2018-03-23 19:28:54 -0300
Processing by ArticlesController#show as HTML
  Parameters: {"id"=>"7"}
  [1m[36mArticle Load (0.2ms)[0m  [1m[34mSELECT  "articles".* FROM "articles" WHERE "articles"."id" = ? LIMIT ?[0m  [["id", 7], ["LIMIT", 1]]
  Rendering articles/show.html.erb within layouts/application
  Rendered articles/show.html.erb within layouts/application (0.8ms)
  Rendered layouts/_messages.html.erb (0.8ms)
Completed 200 OK in 30ms (Views: 24.8ms | ActiveRecord: 0.2ms)


Started GET "/articles" for 127.0.0.1 at 2018-03-23 19:28:54 -0300
Processing by ArticlesController#index as HTML
  Rendering articles/index.html.erb within layouts/application
  [1m[36mArticle Load (0.3ms)[0m  [1m[34mSELECT "articles".* FROM "articles"[0m
  Rendered articles/index.html.erb within layouts/application (5.4ms)
  Rendered layouts/_messages.html.erb (0.5ms)
Completed 200 OK in 40ms (Views: 36.3ms | ActiveRecord: 0.3ms)


Started GET "/articles" for 127.0.0.1 at 2018-03-23 19:39:41 -0300
  [1m[35m (0.1ms)[0m  [1m[34mSELECT "schema_migrations"."version" FROM "schema_migrations" ORDER BY "schema_migrations"."version" ASC[0m
Processing by ArticlesController#index as HTML
  Rendering articles/index.html.erb within layouts/application
  [1m[36mArticle Load (0.2ms)[0m  [1m[34mSELECT "articles".* FROM "articles"[0m
  Rendered articles/index.html.erb within layouts/application (16.6ms)
  Rendered layouts/_messages.html.erb (0.9ms)
Completed 200 OK in 266ms (Views: 237.6ms | ActiveRecord: 0.8ms)


Started GET "/articles/2" for 127.0.0.1 at 2018-03-23 19:39:45 -0300
Processing by ArticlesController#show as HTML
  Parameters: {"id"=>"2"}
  [1m[36mArticle Load (0.4ms)[0m  [1m[34mSELECT  "articles".* FROM "articles" WHERE "articles"."id" = ? LIMIT ?[0m  [["id", 2], ["LIMIT", 1]]
  Rendering articles/show.html.erb within layouts/application
  Rendered articles/show.html.erb within layouts/application (0.9ms)
  Rendered layouts/_messages.html.erb (0.6ms)
Completed 200 OK in 50ms (Views: 34.9ms | ActiveRecord: 0.8ms)


Started GET "/articles" for 127.0.0.1 at 2018-03-23 19:39:46 -0300
Processing by ArticlesController#index as HTML
  Rendering articles/index.html.erb within layouts/application
  [1m[36mArticle Load (0.3ms)[0m  [1m[34mSELECT "articles".* FROM "articles"[0m
  Rendered articles/index.html.erb within layouts/application (10.2ms)
  Rendered layouts/_messages.html.erb (0.5ms)
Completed 200 OK in 65ms (Views: 51.9ms | ActiveRecord: 0.3ms)


Started GET "/articles/2" for 127.0.0.1 at 2018-03-23 19:39:48 -0300
Processing by ArticlesController#show as HTML
  Parameters: {"id"=>"2"}
  [1m[36mArticle Load (0.2ms)[0m  [1m[34mSELECT  "articles".* FROM "articles" WHERE "articles"."id" = ? LIMIT ?[0m  [["id", 2], ["LIMIT", 1]]
  Rendering articles/show.html.erb within layouts/application
  Rendered articles/show.html.erb within layouts/application (2.0ms)
  Rendered layouts/_messages.html.erb (0.8ms)
Completed 200 OK in 57ms (Views: 49.5ms | ActiveRecord: 0.2ms)


Started GET "/articles/2/edit" for 127.0.0.1 at 2018-03-23 19:39:51 -0300
Processing by ArticlesController#edit as HTML
  Parameters: {"id"=>"2"}
  [1m[36mArticle Load (0.2ms)[0m  [1m[34mSELECT  "articles".* FROM "articles" WHERE "articles"."id" = ? LIMIT ?[0m  [["id", 2], ["LIMIT", 1]]
  Rendering articles/edit.html.erb within layouts/application
  Rendered articles/_form.html.erb (42.2ms)
  Rendered articles/edit.html.erb within layouts/application (49.2ms)
  Rendered layouts/_messages.html.erb (0.6ms)
Completed 200 OK in 94ms (Views: 86.2ms | ActiveRecord: 0.2ms)


Started GET "/articles" for 127.0.0.1 at 2018-03-23 19:39:52 -0300
Processing by ArticlesController#index as HTML
  Rendering articles/index.html.erb within layouts/application
  [1m[36mArticle Load (5.5ms)[0m  [1m[34mSELECT "articles".* FROM "articles"[0m
  Rendered articles/index.html.erb within layouts/application (13.1ms)
  Rendered layouts/_messages.html.erb (0.5ms)
Completed 200 OK in 70ms (Views: 60.5ms | ActiveRecord: 5.5ms)


Started DELETE "/articles/2" for 127.0.0.1 at 2018-03-23 19:39:55 -0300
Processing by ArticlesController#destroy as HTML
  Parameters: {"authenticity_token"=>"VzUct7WiILiUFkPhQyZJ8XKNQfKvPm/iO8HqyXI9iwKoTP3rzbftVGFOEU3nZs1ZXBk5c+25tiGQjkrSjJ0Enw==", "id"=>"2"}
  [1m[36mArticle Load (0.2ms)[0m  [1m[34mSELECT  "articles".* FROM "articles" WHERE "articles"."id" = ? LIMIT ?[0m  [["id", 2], ["LIMIT", 1]]
  [1m[35m (0.1ms)[0m  [1m[36mbegin transaction[0m
  [1m[35mSQL (0.4ms)[0m  [1m[31mDELETE FROM "articles" WHERE "articles"."id" = ?[0m  [["id", 2]]
  [1m[35m (6.4ms)[0m  [1m[36mcommit transaction[0m
Redirected to http://localhost:3000/articles
Completed 302 Found in 11ms (ActiveRecord: 7.0ms)


Started GET "/articles" for 127.0.0.1 at 2018-03-23 19:39:55 -0300
Processing by ArticlesController#index as HTML
  Rendering articles/index.html.erb within layouts/application
  [1m[36mArticle Load (0.3ms)[0m  [1m[34mSELECT "articles".* FROM "articles"[0m
  Rendered articles/index.html.erb within layouts/application (2.6ms)
  Rendered layouts/_messages.html.erb (0.6ms)
Completed 200 OK in 29ms (Views: 25.1ms | ActiveRecord: 0.3ms)


Started GET "/articles/new" for 127.0.0.1 at 2018-03-23 19:39:58 -0300
Processing by ArticlesController#new as HTML
  Rendering articles/new.html.erb within layouts/application
  Rendered articles/_form.html.erb (3.1ms)
  Rendered articles/new.html.erb within layouts/application (8.1ms)
  Rendered layouts/_messages.html.erb (0.6ms)
Completed 200 OK in 51ms (Views: 44.6ms | ActiveRecord: 0.0ms)


Started POST "/articles" for 127.0.0.1 at 2018-03-23 19:40:01 -0300
Processing by ArticlesController#create as HTML
  Parameters: {"utf8"=>"✓", "authenticity_token"=>"saBbtCCigj7TupNwaUoxT/6t2W4TMJB63eOzHVGXOG3HEsRQ6B6d7eg/nxEq2Wr/LxBTvrbpzE36t6mpITrIXw==", "article"=>{"title"=>"tr56", "description"=>"gfgf"}, "commit"=>"Create Article"}
  [1m[35m (0.2ms)[0m  [1m[36mbegin transaction[0m
  [1m[35m (0.1ms)[0m  [1m[31mrollback transaction[0m
  Rendering articles/new.html.erb within layouts/application
  Rendered articles/_form.html.erb (2.3ms)
  Rendered articles/new.html.erb within layouts/application (4.9ms)
  Rendered layouts/_messages.html.erb (5.9ms)
Completed 200 OK in 50ms (Views: 44.2ms | ActiveRecord: 0.3ms)


Started POST "/articles" for 127.0.0.1 at 2018-03-23 19:40:05 -0300
Processing by ArticlesController#create as HTML
  Parameters: {"utf8"=>"✓", "authenticity_token"=>"Nj5ztTFYABuf8vdzUr04muhgUS3dHmz9kRSzZarItk7JR5LpSU3N92qqpd/2/bwyxvQprJ+ZtT46WxN+VGg50w==", "article"=>{"title"=>"tr56", "description"=>"gfgfjghjghjghjg"}, "commit"=>"Create Article"}
  [1m[35m (0.1ms)[0m  [1m[36mbegin transaction[0m
  [1m[35mSQL (0.8ms)[0m  [1m[32mINSERT INTO "articles" ("title", "description", "created_at", "updated_at") VALUES (?, ?, ?, ?)[0m  [["title", "tr56"], ["description", "gfgfjghjghjghjg"], ["created_at", "2018-03-23 22:40:05.807902"], ["updated_at", "2018-03-23 22:40:05.807902"]]
  [1m[35m (5.6ms)[0m  [1m[36mcommit transaction[0m
Redirected to http://localhost:3000/articles/8
Completed 302 Found in 12ms (ActiveRecord: 6.6ms)


Started GET "/articles/8" for 127.0.0.1 at 2018-03-23 19:40:05 -0300
Processing by ArticlesController#show as HTML
  Parameters: {"id"=>"8"}
  [1m[36mArticle Load (0.2ms)[0m  [1m[34mSELECT  "articles".* FROM "articles" WHERE "articles"."id" = ? LIMIT ?[0m  [["id", 8], ["LIMIT", 1]]
  Rendering articles/show.html.erb within layouts/application
  Rendered articles/show.html.erb within layouts/application (0.9ms)
  Rendered layouts/_messages.html.erb (0.6ms)
Completed 200 OK in 34ms (Views: 28.8ms | ActiveRecord: 0.2ms)


Started GET "/articles" for 127.0.0.1 at 2018-03-23 19:40:07 -0300
Processing by ArticlesController#index as HTML
  Rendering articles/index.html.erb within layouts/application
  [1m[36mArticle Load (0.2ms)[0m  [1m[34mSELECT "articles".* FROM "articles"[0m
  Rendered articles/index.html.erb within layouts/application (3.8ms)
  Rendered layouts/_messages.html.erb (0.8ms)
Completed 200 OK in 58ms (Views: 53.4ms | ActiveRecord: 0.2ms)


Started GET "/articles" for 127.0.0.1 at 2018-03-23 20:15:55 -0300
Processing by ArticlesController#index as HTML
  Rendering articles/index.html.erb within layouts/application
  [1m[36mArticle Load (0.2ms)[0m  [1m[34mSELECT "articles".* FROM "articles"[0m
  Rendered articles/index.html.erb within layouts/application (4.0ms)
  Rendered layouts/_messages.html.erb (0.9ms)
Completed 200 OK in 36ms (Views: 32.9ms | ActiveRecord: 0.2ms)


Started GET "/articles" for 127.0.0.1 at 2018-03-23 20:30:19 -0300
  [1m[35m (0.1ms)[0m  [1m[34mSELECT "schema_migrations"."version" FROM "schema_migrations" ORDER BY "schema_migrations"."version" ASC[0m
Processing by ArticlesController#index as HTML
  Rendering articles/index.html.erb within layouts/application
  [1m[36mArticle Load (0.3ms)[0m  [1m[34mSELECT "articles".* FROM "articles"[0m
  Rendered articles/index.html.erb within layouts/application (15.7ms)
  Rendered layouts/_messages.html.erb (1.0ms)
Completed 200 OK in 290ms (Views: 257.3ms | ActiveRecord: 1.2ms)


Started GET "/articles/new" for 127.0.0.1 at 2018-03-23 20:30:21 -0300
Processing by ArticlesController#new as HTML
  Rendering articles/new.html.erb within layouts/application
  Rendered articles/_form.html.erb (16.1ms)
  Rendered articles/new.html.erb within layouts/application (25.6ms)
  Rendered layouts/_messages.html.erb (0.5ms)
Completed 200 OK in 65ms (Views: 57.6ms | ActiveRecord: 0.0ms)


Started POST "/articles" for 127.0.0.1 at 2018-03-23 20:30:23 -0300
Processing by ArticlesController#create as HTML
  Parameters: {"utf8"=>"✓", "authenticity_token"=>"Ly7DZk0u5TvqWa7GypAtLmAQLot7+yVFzvXMF+D9TnlZnFyChZL66NHcoqeJA3aesa2kW94ieXLpodajkFC+Sw==", "article"=>{"title"=>"aaa", "description"=>"dsadsadadsa"}, "commit"=>"Create Article"}
  [1m[35m (0.0ms)[0m  [1m[36mbegin transaction[0m
  [1m[35mSQL (0.5ms)[0m  [1m[32mINSERT INTO "articles" ("title", "description", "created_at", "updated_at") VALUES (?, ?, ?, ?)[0m  [["title", "aaa"], ["description", "dsadsadadsa"], ["created_at", "2018-03-23 23:30:23.919484"], ["updated_at", "2018-03-23 23:30:23.919484"]]
  [1m[35m (6.4ms)[0m  [1m[36mcommit transaction[0m
Redirected to http://localhost:3000/articles/9
Completed 302 Found in 11ms (ActiveRecord: 7.1ms)


Started GET "/articles/9" for 127.0.0.1 at 2018-03-23 20:30:23 -0300
Processing by ArticlesController#show as HTML
  Parameters: {"id"=>"9"}
  [1m[36mArticle Load (0.4ms)[0m  [1m[34mSELECT  "articles".* FROM "articles" WHERE "articles"."id" = ? LIMIT ?[0m  [["id", 9], ["LIMIT", 1]]
  Rendering articles/show.html.erb within layouts/application
  Rendered articles/show.html.erb within layouts/application (0.8ms)
  Rendered layouts/_messages.html.erb (0.4ms)
Completed 200 OK in 56ms (Views: 47.2ms | ActiveRecord: 0.4ms)


Started GET "/articles" for 127.0.0.1 at 2018-03-23 20:30:25 -0300
Processing by ArticlesController#index as HTML
  Rendering articles/index.html.erb within layouts/application
  [1m[36mArticle Load (0.7ms)[0m  [1m[34mSELECT "articles".* FROM "articles"[0m
  Rendered articles/index.html.erb within layouts/application (6.8ms)
  Rendered layouts/_messages.html.erb (0.5ms)
Completed 200 OK in 49ms (Views: 44.4ms | ActiveRecord: 0.7ms)


